[2013-03-19 00:11:06.548] [TRACE] server - Receive upload request from:  'Mozilla/5.0 (Windows NT 6.1) AppleWebKit/537.21 (KHTML, like Gecko) Chrome/25.0.1359.3 Safari/537.21'
[2013-03-19 00:11:06.549] [TRACE] server - Upload image to upyun:  'http://pic7.nipic.com/20100610/4839850_084021639476_2.jpg'
[2013-03-19 00:11:42.423] [TRACE] server - Receive get a page of image request from:  'Mozilla/5.0 (Windows NT 6.1) AppleWebKit/537.21 (KHTML, like Gecko) Chrome/25.0.1359.3 Safari/537.21'
[2013-03-19 00:12:33.004] [TRACE] server - Receive upload request from:  'Mozilla/5.0 (Windows NT 6.1) AppleWebKit/537.21 (KHTML, like Gecko) Chrome/25.0.1359.3 Safari/537.21'
[2013-03-19 00:12:33.005] [TRACE] server - Upload image to upyun:  'http://pic7.nipic.com/20100610/4839850_084021639476_2.jpg'
[2013-03-19 00:15:25.117] [INFO] server - Express server listening on port 3000
[2013-03-19 00:15:33.770] [TRACE] server - Receive upload request from:  'Mozilla/5.0 (Windows NT 6.1) AppleWebKit/537.21 (KHTML, like Gecko) Chrome/25.0.1359.3 Safari/537.21'
[2013-03-19 00:15:33.771] [TRACE] server - Upload image to upyun:  'http://pic7.nipic.com/20100610/4839850_084021639476_2.jpg'
[2013-03-19 00:15:34.273] [TRACE] server - Uploaded:  'Error: MultipartParser.end(): stream ended unexpectedly: state = START\n    at MultipartParser.end (/var/vcap/data/dea/apps/upyun-0-709d45a6138d8e08c97263f665789e9d/app/node_modules/express/node_modules/connect/node_modules/formidable/lib/multipart_parser.js:306:12)\n    at IncomingMessage.IncomingForm.parse.fields (/var/vcap/data/dea/apps/upyun-0-709d45a6138d8e08c97263f665789e9d/app/node_modules/express/node_modules/connect/node_modules/formidable/lib/incoming_form.js:102:30)\n    at IncomingMessage.EventEmitter.emit (events.js:85:17)\n    at IncomingMessage._emitEnd (http.js:366:10)\n    at HTTPParser.parserOnMessageComplete [as onMessageComplete] (http.js:149:23)\n    at Socket.socket.ondata (http.js:1682:22)\n    at TCP.onread (net.js:404:27)'
[2013-03-19 00:15:34.512] [TRACE] server - Save image to db successfully.
[2013-03-19 00:16:49.986] [INFO] server - Express server listening on port 3000
[2013-03-19 00:16:54.125] [TRACE] server - Receive upload request from:  'Mozilla/5.0 (Windows NT 6.1) AppleWebKit/537.21 (KHTML, like Gecko) Chrome/25.0.1359.3 Safari/537.21'
[2013-03-19 00:16:54.126] [TRACE] server - Upload image to upyun:  'http://pic7.nipic.com/20100610/4839850_084021639476_2.jpg'
[2013-03-19 00:17:14.811] [TRACE] server - Uploaded:  'Error: MultipartParser.end(): stream ended unexpectedly: state = START\n    at MultipartParser.end (/var/vcap/data/dea/apps/upyun-0-709d45a6138d8e08c97263f665789e9d/app/node_modules/express/node_modules/connect/node_modules/formidable/lib/multipart_parser.js:306:12)\n    at IncomingMessage.IncomingForm.parse.fields (/var/vcap/data/dea/apps/upyun-0-709d45a6138d8e08c97263f665789e9d/app/node_modules/express/node_modules/connect/node_modules/formidable/lib/incoming_form.js:102:30)\n    at IncomingMessage.EventEmitter.emit (events.js:85:17)\n    at IncomingMessage._emitEnd (http.js:366:10)\n    at HTTPParser.parserOnMessageComplete [as onMessageComplete] (http.js:149:23)\n    at Socket.socket.ondata (http.js:1682:22)\n    at TCP.onread (net.js:404:27)'
[2013-03-19 00:17:14.830] [TRACE] server - Save image to db successfully.
[2013-03-19 00:20:32.581] [INFO] server - Express server listening on port 3000
[2013-03-19 00:20:35.570] [TRACE] server - Receive upload request from:  'Mozilla/5.0 (Windows NT 6.1) AppleWebKit/537.21 (KHTML, like Gecko) Chrome/25.0.1359.3 Safari/537.21'
[2013-03-19 00:20:35.572] [TRACE] server - Upload image to upyun:  'http://pic7.nipic.com/20100610/4839850_084021639476_2.jpg'
[2013-03-19 00:20:36.027] [TRACE] server - Uploaded:  'Error: MultipartParser.end(): stream ended unexpectedly: state = START\n    at MultipartParser.end (/var/vcap/data/dea/apps/upyun-0-709d45a6138d8e08c97263f665789e9d/app/node_modules/express/node_modules/connect/node_modules/formidable/lib/multipart_parser.js:306:12)\n    at IncomingMessage.IncomingForm.parse.fields (/var/vcap/data/dea/apps/upyun-0-709d45a6138d8e08c97263f665789e9d/app/node_modules/express/node_modules/connect/node_modules/formidable/lib/incoming_form.js:102:30)\n    at IncomingMessage.EventEmitter.emit (events.js:85:17)\n    at IncomingMessage._emitEnd (http.js:366:10)\n    at HTTPParser.parserOnMessageComplete [as onMessageComplete] (http.js:149:23)\n    at Socket.socket.ondata (http.js:1682:22)\n    at TCP.onread (net.js:404:27)'
[2013-03-19 00:20:36.049] [TRACE] server - Save image to db successfully.
[2013-03-19 00:30:10.797] [INFO] server - Express server listening on port 3000
[2013-03-19 00:30:17.773] [TRACE] server - Receive upload request from:  'Mozilla/5.0 (Windows NT 6.1) AppleWebKit/537.21 (KHTML, like Gecko) Chrome/25.0.1359.3 Safari/537.21'
[2013-03-19 00:30:17.774] [TRACE] server - Upload image to upyun:  'http://pic7.nipic.com/20100610/4839850_084021639476_2.jpg'
[2013-03-19 00:30:18.268] [TRACE] server - Uploaded:  '<html>\r\n<head><title>411 Length Required</title></head>\r\n<body bgcolor="white">\r\n<center><h1>411 Length Required</h1></center>\r\n<hr><center>nginx</center>\r\n</body>\r\n</html>\r\n'
[2013-03-19 00:30:18.282] [TRACE] server - Save image to db successfully.
[2013-03-19 00:31:38.770] [INFO] server - Express server listening on port 3000
[2013-03-19 00:31:42.120] [TRACE] server - Receive upload request from:  'Mozilla/5.0 (Windows NT 6.1) AppleWebKit/537.21 (KHTML, like Gecko) Chrome/25.0.1359.3 Safari/537.21'
[2013-03-19 00:31:42.122] [TRACE] server - Upload image to upyun:  'http://pic7.nipic.com/20100610/4839850_084021639476_2.jpg'
[2013-03-19 00:32:42.600] [TRACE] server - Uploaded:  '<!DOCTYPE HTML PUBLIC "-//W3C//DTD HTML 4.01//EN" "http://www.w3.org/TR/html4/strict.dtd">\n<html>\n<head>\n<meta http-equiv="Content-Type" content="text/html;charset=utf-8">\n<title>Service Unavailable</title>\n<style type="text/css">\nbody, p, h1 {\n  font-family: Verdana, Arial, Helvetica, sans-serif;\n}\nh2 {\n  font-family: Arial, Helvetica, sans-serif;\n  color: #b10b29;\n}\n</style>\n</head>\n<body>\n<h2>Service Unavailable</h2>\n<p>The service is temporarily unavailable. Please try again later.</p>\n</body>\n</html>\n'
[2013-03-19 00:32:42.611] [TRACE] server - Save image to db successfully.
[2013-03-19 00:33:14.605] [TRACE] server - Receive upload request from:  'Mozilla/5.0 (Windows NT 6.1) AppleWebKit/537.21 (KHTML, like Gecko) Chrome/25.0.1359.3 Safari/537.21'
[2013-03-19 00:33:14.608] [TRACE] server - Upload image to upyun:  'http://pic7.nipic.com/20100610/4839850_084021639476_2.jpg'
[2013-03-19 00:34:15.102] [TRACE] server - Uploaded:  '<!DOCTYPE HTML PUBLIC "-//W3C//DTD HTML 4.01//EN" "http://www.w3.org/TR/html4/strict.dtd">\n<html>\n<head>\n<meta http-equiv="Content-Type" content="text/html;charset=utf-8">\n<title>Service Unavailable</title>\n<style type="text/css">\nbody, p, h1 {\n  font-family: Verdana, Arial, Helvetica, sans-serif;\n}\nh2 {\n  font-family: Arial, Helvetica, sans-serif;\n  color: #b10b29;\n}\n</style>\n</head>\n<body>\n<h2>Service Unavailable</h2>\n<p>The service is temporarily unavailable. Please try again later.</p>\n</body>\n</html>\n'
[2013-03-19 00:34:15.106] [TRACE] server - Save image to db successfully.
[2013-03-19 00:35:25.391] [TRACE] server - Receive upload request from:  'Mozilla/5.0 (Windows NT 6.1) AppleWebKit/537.21 (KHTML, like Gecko) Chrome/25.0.1359.3 Safari/537.21'
[2013-03-19 00:35:25.401] [TRACE] server - Upload image to upyun:  '蒂法2.jpg'
[2013-03-19 00:35:27.717] [TRACE] server - Uploaded:  'Error: MultipartParser.end(): stream ended unexpectedly: state = PART_DATA\n    at MultipartParser.end (/var/vcap/data/dea/apps/upyun-0-709d45a6138d8e08c97263f665789e9d/app/node_modules/express/node_modules/connect/node_modules/formidable/lib/multipart_parser.js:306:12)\n    at IncomingMessage.IncomingForm.parse.fields (/var/vcap/data/dea/apps/upyun-0-709d45a6138d8e08c97263f665789e9d/app/node_modules/express/node_modules/connect/node_modules/formidable/lib/incoming_form.js:102:30)\n    at IncomingMessage.EventEmitter.emit (events.js:85:17)\n    at IncomingMessage._emitEnd (http.js:366:10)\n    at HTTPParser.parserOnMessageComplete [as onMessageComplete] (http.js:149:23)\n    at Socket.socket.ondata (http.js:1682:22)\n    at TCP.onread (net.js:404:27)'
[2013-03-19 00:35:27.719] [TRACE] server - Save image to db successfully.
[2013-03-19 00:36:05.437] [TRACE] server - Receive upload request from:  'Mozilla/5.0 (Windows NT 6.1) AppleWebKit/537.21 (KHTML, like Gecko) Chrome/25.0.1359.3 Safari/537.21'
[2013-03-19 00:36:05.449] [TRACE] server - Upload image to upyun:  '蒂法2.jpg'
[2013-03-19 00:36:54.810] [TRACE] server - Uploaded:  'Error: MultipartParser.end(): stream ended unexpectedly: state = PART_DATA\n    at MultipartParser.end (/var/vcap/data/dea/apps/upyun-0-709d45a6138d8e08c97263f665789e9d/app/node_modules/express/node_modules/connect/node_modules/formidable/lib/multipart_parser.js:306:12)\n    at IncomingMessage.IncomingForm.parse.fields (/var/vcap/data/dea/apps/upyun-0-709d45a6138d8e08c97263f665789e9d/app/node_modules/express/node_modules/connect/node_modules/formidable/lib/incoming_form.js:102:30)\n    at IncomingMessage.EventEmitter.emit (events.js:85:17)\n    at IncomingMessage._emitEnd (http.js:366:10)\n    at HTTPParser.parserOnMessageComplete [as onMessageComplete] (http.js:149:23)\n    at Socket.socket.ondata (http.js:1682:22)\n    at TCP.onread (net.js:404:27)'
[2013-03-19 00:36:54.812] [TRACE] server - Save image to db successfully.
[2013-03-19 00:38:01.635] [TRACE] server - Receive upload request from:  'Mozilla/5.0 (Windows NT 6.1) AppleWebKit/537.21 (KHTML, like Gecko) Chrome/25.0.1359.3 Safari/537.21'
[2013-03-19 00:38:01.647] [TRACE] server - Upload image to upyun:  '4.jpg'
[2013-03-19 01:49:59.226] [INFO] server - Express server listening on port 3000
[2013-03-19 01:50:00.331] [TRACE] server - Receive get a page of image request from:  'Mozilla/5.0 (Windows NT 6.1) AppleWebKit/537.21 (KHTML, like Gecko) Chrome/25.0.1359.3 Safari/537.21'
[2013-03-19 01:50:01.674] [TRACE] server - Receive upload request from:  'Mozilla/5.0 (Windows NT 6.1) AppleWebKit/537.21 (KHTML, like Gecko) Chrome/25.0.1359.3 Safari/537.21'
[2013-03-19 01:50:01.675] [TRACE] server - Upload image to upyun:  'http://pic7.nipic.com/20100610/4839850_084021639476_2.jpg'
[2013-03-19 01:50:31.328] [TRACE] server - Receive upload request from:  'Mozilla/5.0 (Windows NT 6.1) AppleWebKit/537.21 (KHTML, like Gecko) Chrome/25.0.1359.3 Safari/537.21'
[2013-03-19 01:50:31.332] [TRACE] server - Upload image to upyun:  '4.jpg'
[2013-03-19 01:51:02.114] [TRACE] server - Upload image to upyun:  'http://pic7.nipic.com/20100610/4839850_084021639476_2.jpg'
[2013-03-19 01:51:33.036] [TRACE] server - Upload image to upyun:  '4.jpg'
[2013-03-19 01:52:34.693] [TRACE] server - Upload image to upyun:  '4.jpg'
[2013-03-19 01:58:13.202] [INFO] server - Express server listening on port 3000
[2013-03-19 01:58:32.062] [TRACE] server - Receive upload request from:  'Mozilla/5.0 (Windows NT 6.1) AppleWebKit/537.21 (KHTML, like Gecko) Chrome/25.0.1359.3 Safari/537.21'
[2013-03-19 01:58:32.063] [TRACE] server - Upload image to upyun:  'http://pic7.nipic.com/20100610/4839850_084021639476_2.jpg'
[2013-03-19 01:58:34.974] [TRACE] server - Receive upload request from:  'Mozilla/5.0 (Windows NT 6.1) AppleWebKit/537.21 (KHTML, like Gecko) Chrome/25.0.1359.3 Safari/537.21'
[2013-03-19 01:58:34.975] [TRACE] server - Upload image to upyun:  'http://pic7.nipic.com/20100610/4839850_084021639476_2.jpg'
[2013-03-19 01:58:36.322] [TRACE] server - Receive upload request from:  'Mozilla/5.0 (Windows NT 6.1) AppleWebKit/537.21 (KHTML, like Gecko) Chrome/25.0.1359.3 Safari/537.21'
[2013-03-19 01:58:36.323] [TRACE] server - Upload image to upyun:  'http://pic7.nipic.com/20100610/4839850_084021639476_2.jpg'
